Traceback (most recent call last):
  File "C:\Users\valer\Anaconda3\lib\site-packages\jupyter_cache\executors\utils.py", line 56, in single_nb_execution
    record_timing=False,
  File "C:\Users\valer\Anaconda3\lib\site-packages\nbclient\client.py", line 1112, in execute
    return NotebookClient(nb=nb, resources=resources, km=km, **kwargs).execute()
  File "C:\Users\valer\Anaconda3\lib\site-packages\nbclient\util.py", line 74, in wrapped
    return just_run(coro(*args, **kwargs))
  File "C:\Users\valer\Anaconda3\lib\site-packages\nbclient\util.py", line 53, in just_run
    return loop.run_until_complete(coro)
  File "C:\Users\valer\Anaconda3\lib\asyncio\base_events.py", line 584, in run_until_complete
    return future.result()
  File "C:\Users\valer\Anaconda3\lib\site-packages\nbclient\client.py", line 554, in async_execute
    cell, index, execution_count=self.code_cells_executed + 1
  File "C:\Users\valer\Anaconda3\lib\site-packages\nbclient\client.py", line 857, in async_execute_cell
    self._check_raise_for_error(cell, exec_reply)
  File "C:\Users\valer\Anaconda3\lib\site-packages\nbclient\client.py", line 760, in _check_raise_for_error
    raise CellExecutionError.from_cell_and_msg(cell, exec_reply_content)
nbclient.exceptions.CellExecutionError: An error occurred while executing the following cell:
------------------
# It's good to always test to make sure your code is right.
np.testing.assert_almost_equal(total_mark_xc([100, 100, 100, 100], 0), 80)
np.testing.assert_almost_equal(total_mark_xc([0, 0], 100, 0), 100)
np.testing.assert_almost_equal(total_mark_xc([0, 0], 0, 1200), 40)

------------------

[1;31m---------------------------------------------------------------------------[0m
[1;31mNotImplementedError[0m                       Traceback (most recent call last)
[1;32m<ipython-input-3-517e19b006bc>[0m in [0;36m<module>[1;34m[0m
[0;32m      1[0m [1;31m# It's good to always test to make sure your code is right.[0m[1;33m[0m[1;33m[0m[1;33m[0m[0m
[1;32m----> 2[1;33m [0mnp[0m[1;33m.[0m[0mtesting[0m[1;33m.[0m[0massert_almost_equal[0m[1;33m([0m[0mtotal_mark_xc[0m[1;33m([0m[1;33m[[0m[1;36m100[0m[1;33m,[0m [1;36m100[0m[1;33m,[0m [1;36m100[0m[1;33m,[0m [1;36m100[0m[1;33m][0m[1;33m,[0m [1;36m0[0m[1;33m)[0m[1;33m,[0m [1;36m80[0m[1;33m)[0m[1;33m[0m[1;33m[0m[0m
[0m[0;32m      3[0m [0mnp[0m[1;33m.[0m[0mtesting[0m[1;33m.[0m[0massert_almost_equal[0m[1;33m([0m[0mtotal_mark_xc[0m[1;33m([0m[1;33m[[0m[1;36m0[0m[1;33m,[0m [1;36m0[0m[1;33m][0m[1;33m,[0m [1;36m100[0m[1;33m,[0m [1;36m0[0m[1;33m)[0m[1;33m,[0m [1;36m100[0m[1;33m)[0m[1;33m[0m[1;33m[0m[0m
[0;32m      4[0m [0mnp[0m[1;33m.[0m[0mtesting[0m[1;33m.[0m[0massert_almost_equal[0m[1;33m([0m[0mtotal_mark_xc[0m[1;33m([0m[1;33m[[0m[1;36m0[0m[1;33m,[0m [1;36m0[0m[1;33m][0m[1;33m,[0m [1;36m0[0m[1;33m,[0m [1;36m1200[0m[1;33m)[0m[1;33m,[0m [1;36m40[0m[1;33m)[0m[1;33m[0m[1;33m[0m[0m

[1;32m<ipython-input-2-54519e00bbf3>[0m in [0;36mtotal_mark_xc[1;34m(assignments, exam, extra_credit_pages)[0m
[0;32m     21[0m [1;33m[0m[0m
[0;32m     22[0m     [1;31m# YOUR CODE HERE[0m[1;33m[0m[1;33m[0m[1;33m[0m[0m
[1;32m---> 23[1;33m     [1;32mraise[0m [0mNotImplementedError[0m[1;33m([0m[1;33m)[0m[1;33m[0m[1;33m[0m[0m
[0m
[1;31mNotImplementedError[0m: 
NotImplementedError: 

