Traceback (most recent call last):
  File "/opt/hostedtoolcache/Python/3.11.11/x64/lib/python3.11/site-packages/jupyter_cache/executors/utils.py", line 58, in single_nb_execution
    executenb(
  File "/opt/hostedtoolcache/Python/3.11.11/x64/lib/python3.11/site-packages/nbclient/client.py", line 1319, in execute
    return NotebookClient(nb=nb, resources=resources, km=km, **kwargs).execute()
           ^^^^^^^^^^^^^^^^^^^^^^^^^^^^^^^^^^^^^^^^^^^^^^^^^^^^^^^^^^^^^^^^^^^^^
  File "/opt/hostedtoolcache/Python/3.11.11/x64/lib/python3.11/site-packages/jupyter_core/utils/__init__.py", line 165, in wrapped
    return loop.run_until_complete(inner)
           ^^^^^^^^^^^^^^^^^^^^^^^^^^^^^^
  File "/opt/hostedtoolcache/Python/3.11.11/x64/lib/python3.11/asyncio/base_events.py", line 654, in run_until_complete
    return future.result()
           ^^^^^^^^^^^^^^^
  File "/opt/hostedtoolcache/Python/3.11.11/x64/lib/python3.11/site-packages/nbclient/client.py", line 709, in async_execute
    await self.async_execute_cell(
  File "/opt/hostedtoolcache/Python/3.11.11/x64/lib/python3.11/site-packages/nbclient/client.py", line 1062, in async_execute_cell
    await self._check_raise_for_error(cell, cell_index, exec_reply)
  File "/opt/hostedtoolcache/Python/3.11.11/x64/lib/python3.11/site-packages/nbclient/client.py", line 918, in _check_raise_for_error
    raise CellExecutionError.from_cell_and_msg(cell, exec_reply_content)
nbclient.exceptions.CellExecutionError: An error occurred while executing the following cell:
------------------
# It's good to always test to make sure your code is right.
np.testing.assert_almost_equal(total_mark_xc([100, 100, 100, 100], 0), 80)
np.testing.assert_almost_equal(total_mark_xc([0, 0], 100, 0), 100)
np.testing.assert_almost_equal(total_mark_xc([0, 0], 0, 1200), 40)

------------------


[0;31m---------------------------------------------------------------------------[0m
[0;31mNotImplementedError[0m                       Traceback (most recent call last)
Cell [0;32mIn[2], line 2[0m
[1;32m      1[0m [38;5;66;03m# It's good to always test to make sure your code is right.[39;00m
[0;32m----> 2[0m np[38;5;241m.[39mtesting[38;5;241m.[39massert_almost_equal([43mtotal_mark_xc[49m[43m([49m[43m[[49m[38;5;241;43m100[39;49m[43m,[49m[43m [49m[38;5;241;43m100[39;49m[43m,[49m[43m [49m[38;5;241;43m100[39;49m[43m,[49m[43m [49m[38;5;241;43m100[39;49m[43m][49m[43m,[49m[43m [49m[38;5;241;43m0[39;49m[43m)[49m, [38;5;241m80[39m)
[1;32m      3[0m np[38;5;241m.[39mtesting[38;5;241m.[39massert_almost_equal(total_mark_xc([[38;5;241m0[39m, [38;5;241m0[39m], [38;5;241m100[39m, [38;5;241m0[39m), [38;5;241m100[39m)
[1;32m      4[0m np[38;5;241m.[39mtesting[38;5;241m.[39massert_almost_equal(total_mark_xc([[38;5;241m0[39m, [38;5;241m0[39m], [38;5;241m0[39m, [38;5;241m1200[39m), [38;5;241m40[39m)

Cell [0;32mIn[1], line 23[0m, in [0;36mtotal_mark_xc[0;34m(assignments, exam, extra_credit_pages)[0m
[1;32m      5[0m [38;5;250m[39m[38;5;124;03m"""Computes the final mark for one student in CHEM 3PA3 in 2021[39;00m
[1;32m      6[0m 
[1;32m      7[0m [38;5;124;03mParameters[39;00m
[0;32m   (...)[0m
[1;32m     19[0m [38;5;124;03m     The final mark in the course, computed according to the syllabus.[39;00m
[1;32m     20[0m [38;5;124;03m"""[39;00m
[1;32m     22[0m [38;5;66;03m# YOUR CODE HERE[39;00m
[0;32m---> 23[0m [38;5;28;01mraise[39;00m [38;5;167;01mNotImplementedError[39;00m()

[0;31mNotImplementedError[0m: 

